ok!
Dict Size:  60967
Epoch [1/5], Step[0/2299], Loss: 11.0272, Perplexity: 61526.17
Epoch [1/5], Step[100/2299], Loss: 6.3380, Perplexity: 565.68
Epoch [1/5], Step[200/2299], Loss: 6.3755, Perplexity: 587.29
Epoch [1/5], Step[300/2299], Loss: 6.0988, Perplexity: 445.34
Epoch [1/5], Step[400/2299], Loss: 5.7279, Perplexity: 307.31
Epoch [1/5], Step[500/2299], Loss: 5.4355, Perplexity: 229.40
Epoch [1/5], Step[600/2299], Loss: 5.4660, Perplexity: 236.50
Epoch [1/5], Step[700/2299], Loss: 5.6977, Perplexity: 298.17
Epoch [1/5], Step[800/2299], Loss: 5.4054, Perplexity: 222.60
Epoch [1/5], Step[900/2299], Loss: 4.5718, Perplexity: 96.72
Epoch [1/5], Step[1000/2299], Loss: 5.0653, Perplexity: 158.43
Epoch [1/5], Step[1100/2299], Loss: 5.2059, Perplexity: 182.35
Epoch [1/5], Step[1200/2299], Loss: 5.1518, Perplexity: 172.74
Epoch [1/5], Step[1300/2299], Loss: 4.9756, Perplexity: 144.84
Epoch [1/5], Step[1400/2299], Loss: 5.2577, Perplexity: 192.04
Epoch [1/5], Step[1500/2299], Loss: 5.2846, Perplexity: 197.27
Epoch [1/5], Step[1600/2299], Loss: 5.1178, Perplexity: 166.97
Epoch [1/5], Step[1700/2299], Loss: 4.8653, Perplexity: 129.70
Epoch [1/5], Step[1800/2299], Loss: 5.1256, Perplexity: 168.28
Epoch [1/5], Step[1900/2299], Loss: 5.2714, Perplexity: 194.69
Epoch [1/5], Step[2000/2299], Loss: 5.2729, Perplexity: 194.99
Epoch [1/5], Step[2100/2299], Loss: 4.4345, Perplexity: 84.31
Epoch [1/5], Step[2200/2299], Loss: 5.1182, Perplexity: 167.04
Epoch 0 time: 90.85405540466309
Epoch [2/5], Step[0/2299], Loss: 4.8640, Perplexity: 129.54
Epoch [2/5], Step[100/2299], Loss: 4.4441, Perplexity: 85.13
Epoch [2/5], Step[200/2299], Loss: 4.7225, Perplexity: 112.45
Epoch [2/5], Step[300/2299], Loss: 4.7032, Perplexity: 110.31
Epoch [2/5], Step[400/2299], Loss: 4.4462, Perplexity: 85.30
Epoch [2/5], Step[500/2299], Loss: 4.2228, Perplexity: 68.23
Epoch [2/5], Step[600/2299], Loss: 4.1920, Perplexity: 66.16
Epoch [2/5], Step[700/2299], Loss: 4.4319, Perplexity: 84.09
Epoch [2/5], Step[800/2299], Loss: 4.2601, Perplexity: 70.82
Epoch [2/5], Step[900/2299], Loss: 3.5769, Perplexity: 35.76
Epoch [2/5], Step[1000/2299], Loss: 3.9707, Perplexity: 53.02
Epoch [2/5], Step[1100/2299], Loss: 4.1293, Perplexity: 62.14
Epoch [2/5], Step[1200/2299], Loss: 4.0038, Perplexity: 54.81
Epoch [2/5], Step[1300/2299], Loss: 3.9607, Perplexity: 52.49
Epoch [2/5], Step[1400/2299], Loss: 4.1926, Perplexity: 66.19
Epoch [2/5], Step[1500/2299], Loss: 4.1263, Perplexity: 61.95
Epoch [2/5], Step[1600/2299], Loss: 4.0880, Perplexity: 59.62
Epoch [2/5], Step[1700/2299], Loss: 3.8707, Perplexity: 47.98
Epoch [2/5], Step[1800/2299], Loss: 3.9436, Perplexity: 51.60
Epoch [2/5], Step[1900/2299], Loss: 4.1146, Perplexity: 61.23
Epoch [2/5], Step[2000/2299], Loss: 4.1754, Perplexity: 65.07
Epoch [2/5], Step[2100/2299], Loss: 3.6487, Perplexity: 38.43
Epoch [2/5], Step[2200/2299], Loss: 4.1190, Perplexity: 61.50
Epoch 1 time: 92.16276407241821
Epoch [3/5], Step[0/2299], Loss: 4.0215, Perplexity: 55.78
Epoch [3/5], Step[100/2299], Loss: 3.6785, Perplexity: 39.59
Epoch [3/5], Step[200/2299], Loss: 3.8790, Perplexity: 48.37
Epoch [3/5], Step[300/2299], Loss: 3.8411, Perplexity: 46.58
Epoch [3/5], Step[400/2299], Loss: 3.6264, Perplexity: 37.58
Epoch [3/5], Step[500/2299], Loss: 3.4902, Perplexity: 32.79
Epoch [3/5], Step[600/2299], Loss: 3.2449, Perplexity: 25.66
Epoch [3/5], Step[700/2299], Loss: 3.4836, Perplexity: 32.58
Epoch [3/5], Step[800/2299], Loss: 3.3835, Perplexity: 29.47
Epoch [3/5], Step[900/2299], Loss: 2.8550, Perplexity: 17.38
Epoch [3/5], Step[1000/2299], Loss: 3.1919, Perplexity: 24.33
Epoch [3/5], Step[1100/2299], Loss: 3.2229, Perplexity: 25.10
Epoch [3/5], Step[1200/2299], Loss: 3.1003, Perplexity: 22.20
Epoch [3/5], Step[1300/2299], Loss: 3.1693, Perplexity: 23.79
Epoch [3/5], Step[1400/2299], Loss: 3.3581, Perplexity: 28.73
Epoch [3/5], Step[1500/2299], Loss: 3.2372, Perplexity: 25.46
Epoch [3/5], Step[1600/2299], Loss: 3.2439, Perplexity: 25.63
Epoch [3/5], Step[1700/2299], Loss: 3.0967, Perplexity: 22.12
Epoch [3/5], Step[1800/2299], Loss: 3.0758, Perplexity: 21.67
Epoch [3/5], Step[1900/2299], Loss: 3.2462, Perplexity: 25.69
Epoch [3/5], Step[2000/2299], Loss: 3.3415, Perplexity: 28.26
Epoch [3/5], Step[2100/2299], Loss: 2.9245, Perplexity: 18.62
Epoch [3/5], Step[2200/2299], Loss: 3.2751, Perplexity: 26.45
Epoch 2 time: 93.43316698074341
Epoch [4/5], Step[0/2299], Loss: 3.2386, Perplexity: 25.50
Epoch [4/5], Step[100/2299], Loss: 3.0951, Perplexity: 22.09
Epoch [4/5], Step[200/2299], Loss: 3.2255, Perplexity: 25.17
Epoch [4/5], Step[300/2299], Loss: 3.2409, Perplexity: 25.56
Epoch [4/5], Step[400/2299], Loss: 3.0387, Perplexity: 20.88
Epoch [4/5], Step[500/2299], Loss: 2.9906, Perplexity: 19.90
Epoch [4/5], Step[600/2299], Loss: 2.6971, Perplexity: 14.84
Epoch [4/5], Step[700/2299], Loss: 2.9133, Perplexity: 18.42
Epoch [4/5], Step[800/2299], Loss: 2.8242, Perplexity: 16.85
Epoch [4/5], Step[900/2299], Loss: 2.4385, Perplexity: 11.46
Epoch [4/5], Step[1000/2299], Loss: 2.7725, Perplexity: 16.00
Epoch [4/5], Step[1100/2299], Loss: 2.7530, Perplexity: 15.69
Epoch [4/5], Step[1200/2299], Loss: 2.6830, Perplexity: 14.63
Epoch [4/5], Step[1300/2299], Loss: 2.7539, Perplexity: 15.70
Epoch [4/5], Step[1400/2299], Loss: 2.8617, Perplexity: 17.49
Epoch [4/5], Step[1500/2299], Loss: 2.7943, Perplexity: 16.35
Epoch [4/5], Step[1600/2299], Loss: 2.8050, Perplexity: 16.53
Epoch [4/5], Step[1700/2299], Loss: 2.6931, Perplexity: 14.78
Epoch [4/5], Step[1800/2299], Loss: 2.6464, Perplexity: 14.10
Epoch [4/5], Step[1900/2299], Loss: 2.7732, Perplexity: 16.01
Epoch [4/5], Step[2000/2299], Loss: 2.8914, Perplexity: 18.02
Epoch [4/5], Step[2100/2299], Loss: 2.4844, Perplexity: 11.99
Epoch [4/5], Step[2200/2299], Loss: 2.8179, Perplexity: 16.74
Epoch 3 time: 94.03182053565979
Epoch [5/5], Step[0/2299], Loss: 2.7335, Perplexity: 15.39
Epoch [5/5], Step[100/2299], Loss: 2.7169, Perplexity: 15.13
Epoch [5/5], Step[200/2299], Loss: 2.8781, Perplexity: 17.78
Epoch [5/5], Step[300/2299], Loss: 2.8650, Perplexity: 17.55
Epoch [5/5], Step[400/2299], Loss: 2.7143, Perplexity: 15.09
Epoch [5/5], Step[500/2299], Loss: 2.6692, Perplexity: 14.43
Epoch [5/5], Step[600/2299], Loss: 2.3723, Perplexity: 10.72
Epoch [5/5], Step[700/2299], Loss: 2.6656, Perplexity: 14.38
Epoch [5/5], Step[800/2299], Loss: 2.5644, Perplexity: 12.99
Epoch [5/5], Step[900/2299], Loss: 2.2006, Perplexity:  9.03
Epoch [5/5], Step[1000/2299], Loss: 2.5574, Perplexity: 12.90
Epoch [5/5], Step[1100/2299], Loss: 2.4381, Perplexity: 11.45
Epoch [5/5], Step[1200/2299], Loss: 2.4138, Perplexity: 11.18
Epoch [5/5], Step[1300/2299], Loss: 2.5141, Perplexity: 12.36
Epoch [5/5], Step[1400/2299], Loss: 2.5987, Perplexity: 13.45
Epoch [5/5], Step[1500/2299], Loss: 2.5401, Perplexity: 12.68
Epoch [5/5], Step[1600/2299], Loss: 2.5799, Perplexity: 13.20
Epoch [5/5], Step[1700/2299], Loss: 2.4258, Perplexity: 11.31
Epoch [5/5], Step[1800/2299], Loss: 2.4488, Perplexity: 11.57
Epoch [5/5], Step[1900/2299], Loss: 2.4995, Perplexity: 12.18
Epoch [5/5], Step[2000/2299], Loss: 2.6072, Perplexity: 13.56
Epoch [5/5], Step[2100/2299], Loss: 2.2043, Perplexity:  9.06
Epoch [5/5], Step[2200/2299], Loss: 2.5292, Perplexity: 12.54
Epoch 4 time: 94.24570369720459
Sampled [100/1000] words and save to sample.txt
Sampled [200/1000] words and save to sample.txt
Sampled [300/1000] words and save to sample.txt
Sampled [400/1000] words and save to sample.txt
Sampled [500/1000] words and save to sample.txt
Sampled [600/1000] words and save to sample.txt
Sampled [700/1000] words and save to sample.txt
Sampled [800/1000] words and save to sample.txt
Sampled [900/1000] words and save to sample.txt
Sampled [1000/1000] words and save to sample.txt
